============================= test session starts =============================
platform win32 -- Python 3.14.0, pytest-9.0.2, pluggy-1.6.0 -- C:\Python314\python.exe
cachedir: .pytest_cache
rootdir: C:\Users\Mario\git\CineRipR
configfile: pyproject.toml
collecting ... collected 0 items / 3 errors

=================================== ERRORS ====================================
____________ ERROR collecting tests/unit/test_archive_detection.py ____________
ImportError while importing test module 'C:\Users\Mario\git\CineRipR\tests\unit\test_archive_detection.py'.
Hint: make sure your test modules/packages have valid Python names.
Traceback:
C:\Python314\Lib\importlib\__init__.py:88: in import_module
    return _bootstrap._gcd_import(name[level:], package, level)
           ^^^^^^^^^^^^^^^^^^^^^^^^^^^^^^^^^^^^^^^^^^^^^^^^^^^^
tests\unit\test_archive_detection.py:5: in <module>
    from cineripr.extraction.archive_detection import (
E   ModuleNotFoundError: No module named 'cineripr'
___________ ERROR collecting tests/unit/test_archive_extraction.py ____________
ImportError while importing test module 'C:\Users\Mario\git\CineRipR\tests\unit\test_archive_extraction.py'.
Hint: make sure your test modules/packages have valid Python names.
Traceback:
C:\Python314\Lib\importlib\__init__.py:88: in import_module
    return _bootstrap._gcd_import(name[level:], package, level)
           ^^^^^^^^^^^^^^^^^^^^^^^^^^^^^^^^^^^^^^^^^^^^^^^^^^^^
tests\unit\test_archive_extraction.py:4: in <module>
    from cineripr.extraction.archive_extraction import test_archive_integrity
E   ModuleNotFoundError: No module named 'cineripr'
_________________ ERROR collecting tests/unit/test_config.py __________________
ImportError while importing test module 'C:\Users\Mario\git\CineRipR\tests\unit\test_config.py'.
Hint: make sure your test modules/packages have valid Python names.
Traceback:
C:\Python314\Lib\importlib\__init__.py:88: in import_module
    return _bootstrap._gcd_import(name[level:], package, level)
           ^^^^^^^^^^^^^^^^^^^^^^^^^^^^^^^^^^^^^^^^^^^^^^^^^^^^
tests\unit\test_config.py:7: in <module>
    from cineripr.config import ConfigurationError, Settings, load_settings
E   ModuleNotFoundError: No module named 'cineripr'
=========================== short test summary info ===========================
ERROR tests/unit/test_archive_detection.py
ERROR tests/unit/test_archive_extraction.py
ERROR tests/unit/test_config.py
!!!!!!!!!!!!!!!!!!! Interrupted: 3 errors during collection !!!!!!!!!!!!!!!!!!!
============================== 3 errors in 0.14s ==============================
